<?xml version="1.0" encoding="UTF-8" ?>
<testsuite failures="0" time="0.054" errors="0" skipped="3" tests="4" name="es.tena.foundation.util.TestSQLUtil">
  <properties>
    <property name="java.runtime.name" value="Java(TM) SE Runtime Environment"/>
    <property name="sun.boot.library.path" value="C:\java\jdk7\jre\bin"/>
    <property name="java.vm.version" value="23.6-b04"/>
    <property name="java.vm.vendor" value="Oracle Corporation"/>
    <property name="java.vendor.url" value="http://java.oracle.com/"/>
    <property name="path.separator" value=";"/>
    <property name="java.vm.name" value="Java HotSpot(TM) 64-Bit Server VM"/>
    <property name="file.encoding.pkg" value="sun.io"/>
    <property name="user.script" value=""/>
    <property name="user.country" value="ES"/>
    <property name="sun.java.launcher" value="SUN_STANDARD"/>
    <property name="sun.os.patch.level" value="Service Pack 1"/>
    <property name="java.vm.specification.name" value="Java Virtual Machine Specification"/>
    <property name="user.dir" value="E:\dev\java\workspace\foundation\foundation-core"/>
    <property name="java.runtime.version" value="1.7.0_11-b21"/>
    <property name="java.awt.graphicsenv" value="sun.awt.Win32GraphicsEnvironment"/>
    <property name="basedir" value="E:\dev\java\workspace\foundation\foundation-core"/>
    <property name="java.endorsed.dirs" value="C:\java\jdk7\jre\lib\endorsed"/>
    <property name="os.arch" value="amd64"/>
    <property name="surefire.real.class.path" value="E:\dev\java\workspace\foundation\foundation-core\target\surefire\surefirebooter4119167554163839503.jar"/>
    <property name="java.io.tmpdir" value="C:\Users\ftena\AppData\Local\Temp\"/>
    <property name="line.separator" value="
"/>
    <property name="java.vm.specification.vendor" value="Oracle Corporation"/>
    <property name="user.variant" value=""/>
    <property name="os.name" value="Windows 7"/>
    <property name="maven.ext.class.path" value="C:\Program Files\NetBeans 8.0\java\maven-nblib\netbeans-eventspy.jar"/>
    <property name="sun.jnu.encoding" value="Cp1252"/>
    <property name="java.library.path" value="C:\java\jdk7\jre\bin;C:\Windows\Sun\Java\bin;C:\Windows\system32;C:\Windows;C:\Program Files (x86)\NVIDIA Corporation\PhysX\Common;C:\java\jdk6\bin\;C:\Ruby193\bin;C:\Program Files\CollabNet\Subversion Client;e:\app\product\11.2.0\client_32\bin;C:\Windows\system32;C:\Windows;C:\Windows\System32\Wbem;C:\Windows\System32\WindowsPowerShell\v1.0\;C:\Program Files\TortoiseSVN\bin;C:\Program Files\CollabNet\Subversion Client\;C:\Program Files\TortoiseHg\;E:\dev\utils\GetGnuWin32\bin\;C:\strawberry\c\bin;C:\strawberry\perl\site\bin;C:\strawberry\perl\bin;E:\dev\java\lib\maven\bin;E:\dev\utils\axis2-1.6.2\bin;E:\dev\java\lib\xmlbeans-2.5.0\\bin;C:\Program Files (x86)\Lua\5.1;C:\Program Files (x86)\Lua\5.1\clibs;E:\app64\product\11.2.0\client_64;E:\app64\product\11.2.0\client_64\bin;E:\dev\utils\apache-ant-1.8.4\bin;C:\Program Files (x86)\Microsoft Visual Studio 10.0\Common7\IDE\;C:\Program Files (x86)\Microsoft ASP.NET\ASP.NET Web Pages\v1.0\;C:\Program Files (x86)\sbt\;E:\dev\utils\axis2-1.6.2\bin;C:\Program Files\nodejs\;C:\Program Files (x86)\Git\cmd;C:\Program Files (x86)\Git\bin;C:\Program Files (x86)\Intelliant OCR;C:\Users\ftena\AppData\Roaming\npm\;c:\Program Files (x86)\Common Files\Adobe\AGL;C:\Program Files (x86)\IXOS\bin;C:\Program Files (x86)\OpenText\Viewer\bin;C:\dev\python2.7.3;C:\Program Files (x86)\GNU\GnuPG\pub;C:\Program Files (x86)\QuickTime\QTSystem\:C:\dev\gradle-1.6\bin\;C:\Program Files\Microsoft\Web Platform Installer\;C:\Ruby193\extra-libs\bin;C:\Program Files (x86)\MySQL\MySQL Utilities 1.3.4\;C:\Program Files (x86)\MySQL\MySQL Workbench CE 6.0.7\;C:\Program Files\Microsoft SQL Server\110\Tools\Binn\;C:\Program Files\Microsoft SQL Server\110\DTS\Binn\;C:\Program Files (x86)\Microsoft SQL Server\110\Tools\Binn\;C:\Program Files (x86)\Microsoft SQL Server\110\Tools\Binn\ManagementStudio\;C:\Program Files (x86)\Microsoft Visual Studio 10.0\Common7\IDE\PrivateAssemblies\;C:\Program Files (x86)\Microsoft SQL Server\110\DTS\Binn\;C:\Program Files (x86)\OpenText\Scan\bin;C:\Program Files (x86)\Windows Kits\8.1\Windows Performance Toolkit\;;."/>
    <property name="surefire.test.class.path" value="E:\dev\java\workspace\foundation\foundation-core\target\test-classes;E:\dev\java\workspace\foundation\foundation-core\target\classes;e:\dev\java\lib\maven\repo\commons-logging\commons-logging\1.1.3\commons-logging-1.1.3.jar;e:\dev\java\lib\maven\repo\commons-io\commons-io\2.4\commons-io-2.4.jar;e:\dev\java\lib\maven\repo\commons-lang\commons-lang\2.6\commons-lang-2.6.jar;e:\dev\java\lib\maven\repo\log4j\log4j\1.2.17\log4j-1.2.17.jar;e:\dev\java\lib\maven\repo\junit\junit\4.11\junit-4.11.jar;e:\dev\java\lib\maven\repo\org\hamcrest\hamcrest-core\1.3\hamcrest-core-1.3.jar;"/>
    <property name="java.specification.name" value="Java Platform API Specification"/>
    <property name="java.class.version" value="51.0"/>
    <property name="sun.management.compiler" value="HotSpot 64-Bit Tiered Compilers"/>
    <property name="os.version" value="6.1"/>
    <property name="user.home" value="\\clfrdatos2\usuarios$\ftena"/>
    <property name="user.timezone" value="Europe/London"/>
    <property name="java.awt.printerjob" value="sun.awt.windows.WPrinterJob"/>
    <property name="java.specification.version" value="1.7"/>
    <property name="file.encoding" value="UTF-8"/>
    <property name="user.name" value="Ftena"/>
    <property name="java.class.path" value="E:\dev\java\workspace\foundation\foundation-core\target\test-classes;E:\dev\java\workspace\foundation\foundation-core\target\classes;e:\dev\java\lib\maven\repo\commons-logging\commons-logging\1.1.3\commons-logging-1.1.3.jar;e:\dev\java\lib\maven\repo\commons-io\commons-io\2.4\commons-io-2.4.jar;e:\dev\java\lib\maven\repo\commons-lang\commons-lang\2.6\commons-lang-2.6.jar;e:\dev\java\lib\maven\repo\log4j\log4j\1.2.17\log4j-1.2.17.jar;e:\dev\java\lib\maven\repo\junit\junit\4.11\junit-4.11.jar;e:\dev\java\lib\maven\repo\org\hamcrest\hamcrest-core\1.3\hamcrest-core-1.3.jar;"/>
    <property name="java.vm.specification.version" value="1.7"/>
    <property name="sun.arch.data.model" value="64"/>
    <property name="java.home" value="C:\java\jdk7\jre"/>
    <property name="sun.java.command" value="E:\dev\java\workspace\foundation\foundation-core\target\surefire\surefirebooter4119167554163839503.jar E:\dev\java\workspace\foundation\foundation-core\target\surefire\surefire1064784087702135987tmp E:\dev\java\workspace\foundation\foundation-core\target\surefire\surefire8891392803954140259tmp"/>
    <property name="java.specification.vendor" value="Oracle Corporation"/>
    <property name="user.language" value="es"/>
    <property name="awt.toolkit" value="sun.awt.windows.WToolkit"/>
    <property name="java.vm.info" value="mixed mode"/>
    <property name="java.version" value="1.7.0_11"/>
    <property name="java.ext.dirs" value="C:\java\jdk7\jre\lib\ext;C:\Windows\Sun\Java\lib\ext"/>
    <property name="sun.boot.class.path" value="C:\java\jdk7\jre\lib\resources.jar;C:\java\jdk7\jre\lib\rt.jar;C:\java\jdk7\jre\lib\sunrsasign.jar;C:\java\jdk7\jre\lib\jsse.jar;C:\java\jdk7\jre\lib\jce.jar;C:\java\jdk7\jre\lib\charsets.jar;C:\java\jdk7\jre\lib\jfr.jar;C:\java\jdk7\jre\classes"/>
    <property name="java.vendor" value="Oracle Corporation"/>
    <property name="localRepository" value="e:\dev\java\lib\maven\repo"/>
    <property name="file.separator" value="\"/>
    <property name="java.vendor.url.bug" value="http://bugreport.sun.com/bugreport/"/>
    <property name="sun.cpu.endian" value="little"/>
    <property name="sun.io.unicode.encoding" value="UnicodeLittle"/>
    <property name="sun.desktop" value="windows"/>
    <property name="sun.cpu.isalist" value="amd64"/>
  </properties>
  <testcase time="0" classname="es.tena.foundation.util.TestSQLUtil" name="testToStringSQL">
    <skipped/>
  </testcase>
  <testcase time="0.016" classname="es.tena.foundation.util.TestSQLUtil" name="testSqlQuote"/>
  <testcase time="0.016" classname="es.tena.foundation.util.TestSQLUtil" name="testFechaToOracle">
    <skipped/>
  </testcase>
  <testcase time="0.016" classname="es.tena.foundation.util.TestSQLUtil" name="testGetParameters">
    <skipped/>
  </testcase>
</testsuite>